#
# A fatal error has been detected by the Java Runtime Environment:
#
#  EXCEPTION_ACCESS_VIOLATION (0xc0000005) at pc=0x00007ff9e4f026c4, pid=4572, tid=17152
#
# JRE version: OpenJDK Runtime Environment (24.0.1+9) (build 24.0.1+9-30)
# Java VM: OpenJDK 64-Bit Server VM (24.0.1+9-30, mixed mode, emulated-client, sharing, tiered, compressed oops, compressed class ptrs, g1 gc, windows-amd64)
# Problematic frame:
# C  [libasyncProfiler.dll+0x926c4]
#
# No core dump will be written. Minidumps are not enabled by default on client versions of Windows
#
# JFR recording file will be written. Location: C:\Users\RGC\IdeaProjects\quasar-operation\hs_err_pid4572.jfr
#
# If you would like to submit a bug report, please visit:
#   https://bugreport.java.com/bugreport/crash.jsp
# The crash happened outside the Java Virtual Machine in native code.
# See problematic frame for where to report the bug.
#

---------------  S U M M A R Y ------------

Command Line: -XX:TieredStopAtLevel=1 -Dspring.output.ansi.enabled=always -Dcom.sun.management.jmxremote -Dspring.jmx.enabled=true -Dspring.liveBeansView.mbeanDomain -Dspring.application.admin.enabled=true -Dmanagement.endpoints.jmx.exposure.include=* -javaagent:C:\Users\RGC\AppData\Local\JetBrains\IntelliJ IDEA 2025.1\lib\idea_rt.jar=53298 -Dfile.encoding=UTF-8 -Dsun.stdout.encoding=UTF-8 -Dsun.stderr.encoding=UTF-8 com.rebelalliance.quasar.QuasarApplication

Host: 11th Gen Intel(R) Core(TM) i5-1135G7 @ 2.40GHz, 8 cores, 11G,  Windows 10 , 64 bit Build 19041 (10.0.19041.5678)
Time: Wed May  7 02:23:03 2025 Hora est. Pacífico, Sudamérica elapsed time: 89.572947 seconds (0d 0h 1m 29s)

---------------  T H R E A D  ---------------

Current thread (0x000001a2b616d5f0):  JavaThread "Attach Listener" daemon [_thread_in_native, id=17152, stack(0x0000000e37400000,0x0000000e37500000) (1024K)]

Stack: [0x0000000e37400000,0x0000000e37500000],  sp=0x0000000e374ff2e0,  free space=1020k
Native frames: (J=compiled Java code, j=interpreted, Vv=VM code, C=native code)
C  [libasyncProfiler.dll+0x926c4]  (no source info available)
C  [libasyncProfiler.dll+0x92b9b]  (no source info available)
C  [libasyncProfiler.dll+0x917f4]  (no source info available)
C  [libasyncProfiler.dll+0x9206a]  (no source info available)
C  [libasyncProfiler.dll+0x8cc21]  (no source info available)
C  [libasyncProfiler.dll+0x7e5e1]  (no source info available)
C  [libasyncProfiler.dll+0x7d2f8]  (no source info available)
C  [libasyncProfiler.dll+0x7d1e0]  (no source info available)
C  [libasyncProfiler.dll+0x841b9]  (no source info available)
V  [jvm.dll+0x57eff7]  (no source info available)
V  [jvm.dll+0x57fdac]  (no source info available)
V  [jvm.dll+0x14ca17]  (no source info available)
V  [jvm.dll+0x14dfe1]  (no source info available)
V  [jvm.dll+0x42f456]  (no source info available)
V  [jvm.dll+0x87d76b]  (no source info available)
V  [jvm.dll+0x72ee55]  (no source info available)
C  [ucrtbase.dll+0x21bb2]  (no source info available)
C  [KERNEL32.DLL+0x17374]  (no source info available)
C  [ntdll.dll+0x4cc91]  (no source info available)


siginfo: EXCEPTION_ACCESS_VIOLATION (0xc0000005), reading address 0xffffffffffffffff


Registers:
RAX=0x0000000000000010, RBX=0x0000000000000000, RCX=0xffffffffffffffff, RDX=0x007ff9b594300010
RSP=0x0000000e374ff2e0, RBP=0x000001a2b6aca1e8, RSI=0x0000000e374ff450, RDI=0x000001a2b6aca1e8
R8 =0x0000000000000042, R9 =0x00000007ffc03490, R10=0x00007ff9b5bb9fb0, R11=0x000000000000000e
R12=0x0000000e374ff450, R13=0x000001a2fcafc410, R14=0x000001a2b616d9b8, R15=0x000001a2b616d9b8
RIP=0x00007ff9e4f026c4, EFLAGS=0x0000000000010202

XMM[0]=0x0000000000000000 0x0000000000000000
XMM[1]=0x0000000000000000 0x0000000000000000
XMM[2]=0x0000000000000000 0x0000000000000000
XMM[3]=0x0000000000000000 0x0000000000000000
XMM[4]=0x0000000000000000 0x0000000000000000
XMM[5]=0x0000000000000000 0x0000000000000000
XMM[6]=0x0000000000000000 0x0000000000000000
XMM[7]=0x0000000000000000 0x0000000000000000
XMM[8]=0x0000000000000000 0x0000000000000000
XMM[9]=0x0000000000000000 0x0000000000000000
XMM[10]=0x0000000000000000 0x0000000000000000
XMM[11]=0x0000000000000000 0x0000000000000000
XMM[12]=0x0000000000000000 0x0000000000000000
XMM[13]=0x0000000000000000 0x0000000000000000
XMM[14]=0x0000000000000000 0x0000000000000000
XMM[15]=0x0000000000000000 0x0000000000000000
  MXCSR=0x00001fa0


Register to memory mapping:

RAX=0x0000000000000010 is an unknown value
RBX=0x0 is null
RCX=0xffffffffffffffff is an unknown value
RDX=0x007ff9b594300010 is an unknown value
RSP=0x0000000e374ff2e0 is pointing into the stack for thread: 0x000001a2b616d5f0
RBP=0x000001a2b6aca1e8 points into unknown readable memory: 0x00000007ffc03490 | 90 34 c0 ff 07 00 00 00
RSI=0x0000000e374ff450 is pointing into the stack for thread: 0x000001a2b616d5f0
RDI=0x000001a2b6aca1e8 points into unknown readable memory: 0x00000007ffc03490 | 90 34 c0 ff 07 00 00 00
R8 =0x0000000000000042 is an unknown value
R9 =0x00000007ffc03490 is an oop: java.lang.ref.Reference$ReferenceHandler 
{0x00000007ffc03490} - klass: 'java/lang/ref/Reference$ReferenceHandler' - flags: 

 - ---- fields (total size 14 words):
 - 'threadLocalRandomProbe' 'I' @12  0 (0x00000000)
 - private volatile 'eetop' 'J' @16  1798351253088 (0x000001a2b6166e60)
 - private final 'tid' 'J' @24  14 (0x000000000000000e)
 - 'threadLocalRandomSeed' 'J' @32  0 (0x0000000000000000)
 - injected 'jvmti_thread_state' 'J' @40  1799536560704 (0x000001a2fcbcca40)
 - 'threadLocalRandomSecondarySeed' 'I' @48  0 (0x00000000)
 - injected 'jvmti_VTMS_transition_disable_count' 'I' @52  0 (0x00000000)
 - injected 'jfr_epoch' 'S' @56  0 (0x0000)
 - volatile 'interrupted' 'Z' @58  false (0x00)
 - injected 'jvmti_is_in_VTMS_transition' 'Z' @59  false (0x00)
 - private volatile 'name' 'Ljava/lang/String;' @60  "Reference Handler"{0x00000007457cfd90} (0xe8af9fb2)
 - private volatile 'contextClassLoader' 'Ljava/lang/ClassLoader;' @64  null (0x00000000)
 - private final 'holder' 'Ljava/lang/Thread$FieldHolder;' @68  a 'java/lang/Thread$FieldHolder'{0x00000007ff9d8e68} (0xfff3b1cd)
 - 'threadLocals' 'Ljava/lang/ThreadLocal$ThreadLocalMap;' @72  null (0x00000000)
 - 'inheritableThreadLocals' 'Ljava/lang/ThreadLocal$ThreadLocalMap;' @76  null (0x00000000)
 - private 'scopedValueBindings' 'Ljava/lang/Object;' @80  a 'java/lang/Class'{0x00000007ff62be90} = 'java/lang/Thread' (0xffec57d2)
 - final 'interruptLock' 'Ljava/lang/Object;' @84  a 'java/lang/Object'{0x00000007ff9d8e58} (0xfff3b1cb)
 - private volatile 'parkBlocker' 'Ljava/lang/Object;' @88  null (0x00000000)
 - private 'nioBlocker' 'Lsun/nio/ch/Interruptible;' @92  null (0x00000000)
 - private 'cont' 'Ljdk/internal/vm/Continuation;' @96  null (0x00000000)
 - private volatile 'uncaughtExceptionHandler' 'Ljava/lang/Thread$UncaughtExceptionHandler;' @100  null (0x00000000)
 - private 'container' 'Ljdk/internal/vm/ThreadContainer;' @104  null (0x00000000)
 - private volatile 'headStackableScopes' 'Ljdk/internal/vm/StackableScope;' @108  null (0x00000000)
R10=0x00007ff9b5bb9fb0 jvm.dll
R11=0x000000000000000e is an unknown value
R12=0x0000000e374ff450 is pointing into the stack for thread: 0x000001a2b616d5f0
R13=0x000001a2fcafc410 points into unknown readable memory: 0x00007ff9b5b2a510 | 10 a5 b2 b5 f9 7f 00 00
R14=0x000001a2b616d9b8 points into unknown readable memory: 0x00007ff9b5b217b0 | b0 17 b2 b5 f9 7f 00 00
R15=0x000001a2b616d9b8 points into unknown readable memory: 0x00007ff9b5b217b0 | b0 17 b2 b5 f9 7f 00 00

Top of Stack: (sp=0x0000000e374ff2e0)
0x0000000e374ff2e0:   0000000e374ff450 000001a2b6aca1e8   P.O7............
0x0000000e374ff2f0:   0000000000000000 000001a2b616dd40   ........@.......
0x0000000e374ff300:   0000000000000034 00007ff9e4f02b9b   4........+......
0x0000000e374ff310:   0000000000000000 000001a2b616d9b8   ................
0x0000000e374ff320:   0000000e374ff401 0000000000000000   ..O7............
0x0000000e374ff330:   000001a2fcd0d3d0 00007ff9e4f017f4   ................
0x0000000e374ff340:   0000000000000000 0000000000000034   ........4.......
0x0000000e374ff350:   0000000000000000 0000000000000034   ........4.......
0x0000000e374ff360:   0000001e00000000 000001a2b6b825a0   .........%......
0x0000000e374ff370:   000001a2fcd0d3d0 000001a2fcd0d4a0   ................
0x0000000e374ff380:   000001a2fcd0d4cc 000000000000276c   ........l'......
0x0000000e374ff390:   0000000000000000 0000000000000000   ................
0x0000000e374ff3a0:   0000000000000000 00007ff9b53857d4   .........W8.....
0x0000000e374ff3b0:   00007ff9e5044ca0 00000000000011dc   .L..............
0x0000000e374ff3c0:   00007ff9e5044ca0 00000000ffffffff   .L..............
0x0000000e374ff3d0:   0000000000000000 00007ff9e4f0206a   ........j ......
0x0000000e374ff3e0:   000001a2b616d9b8 0000000000000000   ................
0x0000000e374ff3f0:   0000000e374ff459 000001a2fcafc410   Y.O7............
0x0000000e374ff400:   0000000000000003 0000000000000048   ........H.......
0x0000000e374ff410:   0000000800800310 0000000000000020   ........ .......
0x0000000e374ff420:   000001a2b616d9b8 00007ff9e5044ca0   .........L......
0x0000000e374ff430:   000001a2b6027f10 000001a2fcbcca40   ........@.......
0x0000000e374ff440:   0000000800800390 000001a2b616d9b8   ................
0x0000000e374ff450:   000001a2fee57f70 000001a2fee585f0   p...............
0x0000000e374ff460:   000001a2fee585f0 00007ff9e5044ca0   .........L......
0x0000000e374ff470:   000000050000005a 000001a2a1dc0000   Z...............
0x0000000e374ff480:   0000000e374ff720 0000000000008840    .O7....@.......
0x0000000e374ff490:   0000000e374ff900 00007ff9e5044cf0   ..O7.....L......
0x0000000e374ff4a0:   0000000000989680 0000000000989680   ................
0x0000000e374ff4b0:   0000000e374ff5c0 00007ff9e4efcc21   ..O7....!.......
0x0000000e374ff4c0:   00007ff9e5044ca0 00007ff9e5044cf8   .L.......L......
0x0000000e374ff4d0:   00007ff900000000 00007ff900000001   ................

Instructions: (pc=0x00007ff9e4f026c4)
  0x00007ff9e4f025c4:   cc cc cc cc cc cc cc cc cc cc cc cc cc cc cc cc
  0x00007ff9e4f025d4:   cc cc cc cc cc cc cc cc cc cc cc cc cc cc cc cc
  0x00007ff9e4f025e4:   cc cc cc cc cc cc cc cc cc cc cc cc cc cc cc cc
  0x00007ff9e4f025f4:   cc cc cc cc cc cc cc cc cc cc cc cc cc cc cc cc
  0x00007ff9e4f02604:   cc cc cc cc cc cc cc cc cc cc cc cc cc cc cc cc
  0x00007ff9e4f02614:   cc cc cc cc cc cc cc cc cc cc cc cc cc cc cc cc
  0x00007ff9e4f02624:   cc cc cc cc cc cc cc cc cc cc cc cc cc cc cc cc
  0x00007ff9e4f02634:   cc cc cc cc cc cc cc cc cc cc cc cc cc cc cc cc
  0x00007ff9e4f02644:   cc cc cc cc cc cc cc cc cc cc cc cc 40 57 48 83
  0x00007ff9e4f02654:   ec 20 48 8b f9 48 8b 0d 10 28 14 00 48 85 c9 74
  0x00007ff9e4f02664:   20 48 8b 01 48 8d 54 24 38 41 b8 06 00 01 00 4c
  0x00007ff9e4f02674:   8b 48 30 41 ff d1 85 c0 75 07 48 8b 4c 24 38 eb
  0x00007ff9e4f02684:   02 33 c9 4c 8b 05 ea 28 14 00 48 89 5c 24 30 4d
  0x00007ff9e4f02694:   85 c0 74 4a 48 8b 01 48 8b d7 4c 8b 88 28 03 00
  0x00007ff9e4f026a4:   00 41 ff d1 48 85 c0 74 35 48 63 0d f8 e6 13 00
  0x00007ff9e4f026b4:   48 8b 14 01 48 85 d2 74 15 48 63 05 fc e6 13 00
=>0x00007ff9e4f026c4:   8b 04 10 48 8b 5c 24 30 48 83 c4 20 5f c3 b8 ff
  0x00007ff9e4f026d4:   ff ff ff 48 8b 5c 24 30 48 83 c4 20 5f c3 80 3d
  0x00007ff9e4f026e4:   9b 27 14 00 00 bb ff ff ff ff 74 20 4c 8b 0d 31
  0x00007ff9e4f026f4:   24 14 00 4c 8d 44 24 38 48 8b 0d 15 24 14 00 48
  0x00007ff9e4f02704:   8b d7 41 ff d1 85 c0 0f 44 5c 24 38 8b c3 48 8b
  0x00007ff9e4f02714:   5c 24 30 48 83 c4 20 5f c3 cc cc cc cc cc cc cc
  0x00007ff9e4f02724:   cc cc cc cc cc cc cc cc cc cc cc cc cc cc cc cc
  0x00007ff9e4f02734:   cc cc cc cc cc cc cc cc cc cc cc cc cc cc cc cc
  0x00007ff9e4f02744:   cc cc cc cc cc cc cc cc cc cc cc cc 48 89 54 24
  0x00007ff9e4f02754:   10 53 55 56 57 41 56 41 57 48 83 ec 28 48 8b f2
  0x00007ff9e4f02764:   4c 8b f1 48 89 4c 24 78 45 33 ff 44 89 7c 24 68
  0x00007ff9e4f02774:   c7 44 24 60 01 00 00 00 48 8d 4c 24 68 e8 ed 42
  0x00007ff9e4f02784:   f7 ff 8b d8 48 8d 4c 24 60 e8 e1 42 f7 ff 8b e8
  0x00007ff9e4f02794:   49 8b ce e8 00 fc f6 ff 48 8b f8 90 8b c3 f0 0f
  0x00007ff9e4f027a4:   b1 2f 74 04 f3 90 eb f4 4c 89 3e 4c 89 7e 08 4c
  0x00007ff9e4f027b4:   89 7e 10 49 8b 6e 08 4d 8b 76 10 49 3b ee 0f 84


Stack slot to memory mapping:

stack at sp + 0 slots: 0x0000000e374ff450 is pointing into the stack for thread: 0x000001a2b616d5f0
stack at sp + 1 slots: 0x000001a2b6aca1e8 points into unknown readable memory: 0x00000007ffc03490 | 90 34 c0 ff 07 00 00 00
stack at sp + 2 slots: 0x0 is null
stack at sp + 3 slots: 0x000001a2b616dd40 points into unknown readable memory: 0x6e616c2e6176616a | 6a 61 76 61 2e 6c 61 6e
stack at sp + 4 slots: 0x0000000000000034 is an unknown value
stack at sp + 5 slots: 0x00007ff9e4f02b9b libasyncProfiler.dll
stack at sp + 6 slots: 0x0 is null
stack at sp + 7 slots: 0x000001a2b616d9b8 points into unknown readable memory: 0x00007ff9b5b217b0 | b0 17 b2 b5 f9 7f 00 00

Lock stack of current Java thread (top to bottom):


---------------  P R O C E S S  ---------------

Threads class SMR info:
_java_thread_list=0x000001a2b6872200, length=34, elements={
0x000001a2b6166e60, 0x000001a2b6167a60, 0x000001a2b616cac0, 0x000001a2b616d5f0,
0x000001a2b616e120, 0x000001a2b616ec50, 0x000001a2b616f780, 0x000001a2b62ca390,
0x000001a2b6768810, 0x000001a2b6768f50, 0x000001a2b6d51510, 0x000001a2b6d60630,
0x000001a2b6d7b740, 0x000001a2b6d76a60, 0x000001a2b6dea300, 0x000001a2fc807c70,
0x000001a2fc805f30, 0x000001a2fc8083c0, 0x000001a2fc805090, 0x000001a2fc8057e0,
0x000001a2fc806680, 0x000001a2fc806dd0, 0x000001a2fd1b0e30, 0x000001a2fd1b65f0,
0x000001a2fd1b1580, 0x000001a2fd1b6d40, 0x000001a2fd1aff90, 0x000001a2fd1b7490,
0x000001a2fd1b2b70, 0x000001a2fd1b5750, 0x000001a2fd1b1cd0, 0x000001a2fd1b06e0,
0x000001a2b6349b70, 0x000001a2fd1b32c0
}

Java Threads: ( => current thread )
  0x000001a2b6166e60 JavaThread "Reference Handler"          daemon [_thread_blocked, id=20668, stack(0x0000000e37100000,0x0000000e37200000) (1024K)]
  0x000001a2b6167a60 JavaThread "Finalizer"                  daemon [_thread_blocked, id=17688, stack(0x0000000e37200000,0x0000000e37300000) (1024K)]
  0x000001a2b616cac0 JavaThread "Signal Dispatcher"          daemon [_thread_blocked, id=9212, stack(0x0000000e37300000,0x0000000e37400000) (1024K)]
=>0x000001a2b616d5f0 JavaThread "Attach Listener"            daemon [_thread_in_native, id=17152, stack(0x0000000e37400000,0x0000000e37500000) (1024K)]
  0x000001a2b616e120 JavaThread "Service Thread"             daemon [_thread_blocked, id=15932, stack(0x0000000e37500000,0x0000000e37600000) (1024K)]
  0x000001a2b616ec50 JavaThread "Monitor Deflation Thread"   daemon [_thread_blocked, id=1056, stack(0x0000000e37600000,0x0000000e37700000) (1024K)]
  0x000001a2b616f780 JavaThread "C1 CompilerThread0"         daemon [_thread_blocked, id=20656, stack(0x0000000e37700000,0x0000000e37800000) (1024K)]
  0x000001a2b62ca390 JavaThread "Common-Cleaner"             daemon [_thread_blocked, id=13608, stack(0x0000000e37a00000,0x0000000e37b00000) (1024K)]
  0x000001a2b6768810 JavaThread "Monitor Ctrl-Break"         daemon [_thread_in_native, id=11104, stack(0x0000000e37b00000,0x0000000e37c00000) (1024K)]
  0x000001a2b6768f50 JavaThread "Notification Thread"        daemon [_thread_blocked, id=17812, stack(0x0000000e37c00000,0x0000000e37d00000) (1024K)]
  0x000001a2b6d51510 JavaThread "RMI TCP Accept-0"           daemon [_thread_in_native, id=20768, stack(0x0000000e37d00000,0x0000000e37e00000) (1024K)]
  0x000001a2b6d60630 JavaThread "RMI TCP Connection(1)-192.168.1.9" daemon [_thread_in_native, id=18248, stack(0x0000000e37e00000,0x0000000e37f00000) (1024K)]
  0x000001a2b6d7b740 JavaThread "RMI Scheduler(0)"           daemon [_thread_blocked, id=6876, stack(0x0000000e37f00000,0x0000000e38000000) (1024K)]
  0x000001a2b6d76a60 JavaThread "JMX server connection timeout 31" daemon [_thread_blocked, id=17784, stack(0x0000000e38000000,0x0000000e38100000) (1024K)]
  0x000001a2b6dea300 JavaThread "RMI TCP Connection(idle)"   daemon [_thread_blocked, id=15988, stack(0x0000000e38100000,0x0000000e38200000) (1024K)]
  0x000001a2fc807c70 JavaThread "Catalina-utility-1"                [_thread_blocked, id=20508, stack(0x0000000e38900000,0x0000000e38a00000) (1024K)]
  0x000001a2fc805f30 JavaThread "Catalina-utility-2"                [_thread_blocked, id=11688, stack(0x0000000e38c00000,0x0000000e38d00000) (1024K)]
  0x000001a2fc8083c0 JavaThread "container-0"                       [_thread_blocked, id=12336, stack(0x0000000e38d00000,0x0000000e38e00000) (1024K)]
  0x000001a2fc805090 JavaThread "http-nio-8080-exec-1"       daemon [_thread_blocked, id=1888, stack(0x0000000e38e00000,0x0000000e38f00000) (1024K)]
  0x000001a2fc8057e0 JavaThread "http-nio-8080-exec-2"       daemon [_thread_blocked, id=15768, stack(0x0000000e38f00000,0x0000000e39000000) (1024K)]
  0x000001a2fc806680 JavaThread "http-nio-8080-exec-3"       daemon [_thread_blocked, id=17532, stack(0x0000000e39000000,0x0000000e39100000) (1024K)]
  0x000001a2fc806dd0 JavaThread "http-nio-8080-exec-4"       daemon [_thread_blocked, id=18784, stack(0x0000000e39100000,0x0000000e39200000) (1024K)]
  0x000001a2fd1b0e30 JavaThread "http-nio-8080-exec-5"       daemon [_thread_blocked, id=21016, stack(0x0000000e39200000,0x0000000e39300000) (1024K)]
  0x000001a2fd1b65f0 JavaThread "http-nio-8080-exec-6"       daemon [_thread_blocked, id=12360, stack(0x0000000e39300000,0x0000000e39400000) (1024K)]
  0x000001a2fd1b1580 JavaThread "http-nio-8080-exec-7"       daemon [_thread_blocked, id=20056, stack(0x0000000e39400000,0x0000000e39500000) (1024K)]
  0x000001a2fd1b6d40 JavaThread "http-nio-8080-exec-8"       daemon [_thread_blocked, id=1528, stack(0x0000000e39500000,0x0000000e39600000) (1024K)]
  0x000001a2fd1aff90 JavaThread "http-nio-8080-exec-9"       daemon [_thread_blocked, id=248, stack(0x0000000e39600000,0x0000000e39700000) (1024K)]
  0x000001a2fd1b7490 JavaThread "http-nio-8080-exec-10"      daemon [_thread_blocked, id=12648, stack(0x0000000e39700000,0x0000000e39800000) (1024K)]
  0x000001a2fd1b2b70 JavaThread "http-nio-8080-Poller"       daemon [_thread_in_native, id=20464, stack(0x0000000e39800000,0x0000000e39900000) (1024K)]
  0x000001a2fd1b5750 JavaThread "http-nio-8080-Acceptor"     daemon [_thread_in_native, id=20140, stack(0x0000000e39900000,0x0000000e39a00000) (1024K)]
  0x000001a2fd1b1cd0 JavaThread "DestroyJavaVM"                     [_thread_blocked, id=3720, stack(0x0000000e36900000,0x0000000e36a00000) (1024K)]
  0x000001a2fd1b06e0 JavaThread "JFR Recorder Thread"        daemon [_thread_in_native, id=18176, stack(0x0000000e36600000,0x0000000e36700000) (1024K)]
  0x000001a2b6349b70 JavaThread "C1 CompilerThread1"         daemon [_thread_blocked, id=14160, stack(0x0000000e36700000,0x0000000e36800000) (1024K)]
  0x000001a2fd1b32c0 JavaThread "JFR Periodic Tasks"         daemon [_thread_blocked, id=10092, stack(0x0000000e36800000,0x0000000e36900000) (1024K)]
Total: 34

Other Threads:
  0x000001a2b6159fa0 VMThread "VM Thread"                           [id=3472, stack(0x0000000e37000000,0x0000000e37100000) (1024K)]
  0x000001a2b614cc40 WatcherThread "VM Periodic Task Thread"        [id=19368, stack(0x0000000e36f00000,0x0000000e37000000) (1024K)]
  0x000001a2a4166fb0 WorkerThread "GC Thread#0"                     [id=12096, stack(0x0000000e36a00000,0x0000000e36b00000) (1024K)]
  0x000001a2fc627e90 WorkerThread "GC Thread#1"                     [id=11128, stack(0x0000000e38200000,0x0000000e38300000) (1024K)]
  0x000001a2fc67cab0 WorkerThread "GC Thread#2"                     [id=9428, stack(0x0000000e38300000,0x0000000e38400000) (1024K)]
  0x000001a2fc67ce60 WorkerThread "GC Thread#3"                     [id=20300, stack(0x0000000e38400000,0x0000000e38500000) (1024K)]
  0x000001a2fc65c140 WorkerThread "GC Thread#4"                     [id=3376, stack(0x0000000e38500000,0x0000000e38600000) (1024K)]
  0x000001a2fc6588e0 WorkerThread "GC Thread#5"                     [id=3028, stack(0x0000000e38600000,0x0000000e38700000) (1024K)]
  0x000001a2fc691350 WorkerThread "GC Thread#6"                     [id=20684, stack(0x0000000e38700000,0x0000000e38800000) (1024K)]
  0x000001a2fc690490 WorkerThread "GC Thread#7"                     [id=9712, stack(0x0000000e38800000,0x0000000e38900000) (1024K)]
  0x000001a2a4176a10 ConcurrentGCThread "G1 Main Marker"            [id=18216, stack(0x0000000e36b00000,0x0000000e36c00000) (1024K)]
  0x000001a2a4178be0 WorkerThread "G1 Conc#0"                       [id=6712, stack(0x0000000e36c00000,0x0000000e36d00000) (1024K)]
  0x000001a2fcaf4de0 WorkerThread "G1 Conc#1"                       [id=20936, stack(0x0000000e38a00000,0x0000000e38b00000) (1024K)]
  0x000001a2a41ce1f0 ConcurrentGCThread "G1 Refine#0"               [id=11488, stack(0x0000000e36d00000,0x0000000e36e00000) (1024K)]
  0x000001a2b601d120 ConcurrentGCThread "G1 Service"                [id=1208, stack(0x0000000e36e00000,0x0000000e36f00000) (1024K)]
Total: 15

Threads with active compile tasks:
Total: 0

VM state: not at safepoint (normal execution)

VM Mutex/Monitor currently owned by a thread: None

Heap address: 0x0000000745200000, size: 2990 MB, Compressed Oops mode: Zero based, Oop shift amount: 3

CDS archive(s) mapped at: [0x000001a2b7000000-0x000001a2b7d40000-0x000001a2b7d40000), size 13893632, SharedBaseAddress: 0x000001a2b7000000, ArchiveRelocationMode: 1.
Compressed class space mapped at: 0x000001a2b8000000-0x000001a2f8000000, reserved size: 1073741824
UseCompressedClassPointers 1, UseCompactObjectHeaders 0
Narrow klass pointer bits 32, Max shift 3
Narrow klass base: 0x000001a2b7000000, Narrow klass shift: 0
Encoding Range: [0x000001a2b7000000 - 0x000001a3b7000000), (4294967296 bytes)
Klass Range:    [0x000001a2b7000000 - 0x000001a2f8000000), (1090519040 bytes)
Klass ID Range:  [8 - 1090519033) (1090519025)

GC Precious Log:
 CardTable entry size: 512
 Card Set container configuration: InlinePtr #cards 4 size 8 Array Of Cards #cards 16 size 48 Howl #buckets 8 coarsen threshold 3686 Howl Bitmap #cards 512 size 80 coarsen threshold 460 Card regions per heap region 1 cards per card region 4096
 CPUs: 8 total, 8 available
 Memory: 11955M
 Large Page Support: Disabled
 NUMA Support: Disabled
 Compressed Oops: Enabled (Zero based)
 Heap Region Size: 2M
 Heap Min Capacity: 8M
 Heap Initial Capacity: 188M
 Heap Max Capacity: 2990M
 Pre-touch: Disabled
 Parallel Workers: 8
 Concurrent Workers: 2
 Concurrent Refinement Workers: 8
 Periodic GC: Disabled

Heap:
 garbage-first heap   total reserved 3061760K, committed 71680K, used 20867K [0x0000000745200000, 0x0000000800000000)
  region size 2048K, 4 young (8192K), 2 survivors (4096K)
 Metaspace       used 30292K, committed 30720K, reserved 1114112K
  class space    used 3504K, committed 3712K, reserved 1048576K

Heap Regions: E=young(eden), S=young(survivor), O=old, HS=humongous(starts), HC=humongous(continues), CS=collection set, F=free, TAMS=top-at-mark-start, PB=parsable bottom
|   0|0x0000000745200000, 0x00000007452f22e8, 0x0000000745400000| 47%| O|  |TAMS 0x0000000745200000| PB 0x0000000745200000| Untracked |  0
|   1|0x0000000745400000, 0x0000000745600000, 0x0000000745600000|100%| O|  |TAMS 0x0000000745400000| PB 0x0000000745400000| Untracked |  0
|   2|0x0000000745600000, 0x0000000745800000, 0x0000000745800000|100%| O|  |TAMS 0x0000000745600000| PB 0x0000000745600000| Untracked |  0
|   3|0x0000000745800000, 0x000000074596eb88, 0x0000000745a00000| 71%| O|  |TAMS 0x0000000745800000| PB 0x0000000745800000| Untracked |  0
|   4|0x0000000745a00000, 0x0000000745a00000, 0x0000000745c00000|  0%| F|  |TAMS 0x0000000745a00000| PB 0x0000000745a00000| Untracked |  0
|   5|0x0000000745c00000, 0x0000000745c00000, 0x0000000745e00000|  0%| F|  |TAMS 0x0000000745c00000| PB 0x0000000745c00000| Untracked |  0
|   6|0x0000000745e00000, 0x0000000745e00000, 0x0000000746000000|  0%| F|  |TAMS 0x0000000745e00000| PB 0x0000000745e00000| Untracked |  0
|   7|0x0000000746000000, 0x0000000746000000, 0x0000000746200000|  0%| F|  |TAMS 0x0000000746000000| PB 0x0000000746000000| Untracked |  0
|   8|0x0000000746200000, 0x0000000746200000, 0x0000000746400000|  0%| F|  |TAMS 0x0000000746200000| PB 0x0000000746200000| Untracked |  0
|   9|0x0000000746400000, 0x0000000746600000, 0x0000000746600000|100%| S|CS|TAMS 0x0000000746400000| PB 0x0000000746400000| Complete |  0
|  10|0x0000000746600000, 0x0000000746800000, 0x0000000746800000|100%| S|CS|TAMS 0x0000000746600000| PB 0x0000000746600000| Complete |  0
|  11|0x0000000746800000, 0x0000000746800000, 0x0000000746a00000|  0%| F|  |TAMS 0x0000000746800000| PB 0x0000000746800000| Untracked |  0
|  12|0x0000000746a00000, 0x0000000746a00000, 0x0000000746c00000|  0%| F|  |TAMS 0x0000000746a00000| PB 0x0000000746a00000| Untracked |  0
|  13|0x0000000746c00000, 0x0000000746c00000, 0x0000000746e00000|  0%| F|  |TAMS 0x0000000746c00000| PB 0x0000000746c00000| Untracked |  0
|  14|0x0000000746e00000, 0x0000000746e00000, 0x0000000747000000|  0%| F|  |TAMS 0x0000000746e00000| PB 0x0000000746e00000| Untracked |  0
|  15|0x0000000747000000, 0x0000000747000000, 0x0000000747200000|  0%| F|  |TAMS 0x0000000747000000| PB 0x0000000747000000| Untracked |  0
|  16|0x0000000747200000, 0x0000000747200000, 0x0000000747400000|  0%| F|  |TAMS 0x0000000747200000| PB 0x0000000747200000| Untracked |  0
|  17|0x0000000747400000, 0x0000000747400000, 0x0000000747600000|  0%| F|  |TAMS 0x0000000747400000| PB 0x0000000747400000| Untracked |  0
|  18|0x0000000747600000, 0x0000000747600000, 0x0000000747800000|  0%| F|  |TAMS 0x0000000747600000| PB 0x0000000747600000| Untracked |  0
|  19|0x0000000747800000, 0x0000000747800000, 0x0000000747a00000|  0%| F|  |TAMS 0x0000000747800000| PB 0x0000000747800000| Untracked |  0
|  20|0x0000000747a00000, 0x0000000747a00000, 0x0000000747c00000|  0%| F|  |TAMS 0x0000000747a00000| PB 0x0000000747a00000| Untracked |  0
|  21|0x0000000747c00000, 0x0000000747c00000, 0x0000000747e00000|  0%| F|  |TAMS 0x0000000747c00000| PB 0x0000000747c00000| Untracked |  0
|  22|0x0000000747e00000, 0x0000000747e00000, 0x0000000748000000|  0%| F|  |TAMS 0x0000000747e00000| PB 0x0000000747e00000| Untracked |  0
|  64|0x000000074d200000, 0x000000074d200000, 0x000000074d400000|  0%| F|  |TAMS 0x000000074d200000| PB 0x000000074d200000| Untracked |  0
|  65|0x000000074d400000, 0x000000074d400000, 0x000000074d600000|  0%| F|  |TAMS 0x000000074d400000| PB 0x000000074d400000| Untracked |  0
|  66|0x000000074d600000, 0x000000074d600000, 0x000000074d800000|  0%| F|  |TAMS 0x000000074d600000| PB 0x000000074d600000| Untracked |  0
|  70|0x000000074de00000, 0x000000074de00000, 0x000000074e000000|  0%| F|  |TAMS 0x000000074de00000| PB 0x000000074de00000| Untracked |  0
|  71|0x000000074e000000, 0x000000074e000000, 0x000000074e200000|  0%| F|  |TAMS 0x000000074e000000| PB 0x000000074e000000| Untracked |  0
|  72|0x000000074e200000, 0x000000074e200000, 0x000000074e400000|  0%| F|  |TAMS 0x000000074e200000| PB 0x000000074e200000| Untracked |  0
|  93|0x0000000750c00000, 0x0000000750cc2c98, 0x0000000750e00000| 38%| E|  |TAMS 0x0000000750c00000| PB 0x0000000750c00000| Complete |  0
|1490|0x00000007ff600000, 0x00000007ff800000, 0x00000007ff800000|100%| O|  |TAMS 0x00000007ff600000| PB 0x00000007ff600000| Untracked |  0
|1491|0x00000007ff800000, 0x00000007ffa00000, 0x00000007ffa00000|100%| O|  |TAMS 0x00000007ff800000| PB 0x00000007ff800000| Untracked |  0
|1492|0x00000007ffa00000, 0x00000007ffc00000, 0x00000007ffc00000|100%| O|  |TAMS 0x00000007ffa00000| PB 0x00000007ffa00000| Untracked |  0
|1493|0x00000007ffc00000, 0x00000007ffe00000, 0x00000007ffe00000|100%| O|  |TAMS 0x00000007ffc00000| PB 0x00000007ffc00000| Untracked |  0
|1494|0x00000007ffe00000, 0x0000000800000000, 0x0000000800000000|100%| E|CS|TAMS 0x00000007ffe00000| PB 0x00000007ffe00000| Complete |  0

Card table byte_map: [0x000001a2b02d0000,0x000001a2b08b0000] _byte_map_base: 0x000001a2ac8a7000

Marking Bits: (CMBitMap*) 0x000001a2a41675d0
 Bits: [0x000001a2b08b0000, 0x000001a2b3768000)

Polling page: 0x000001a2a1fa0000

Metaspace:

Usage:
  Non-class:     26.16 MB used.
      Class:      3.42 MB used.
       Both:     29.58 MB used.

Virtual space:
  Non-class space:       64.00 MB reserved,      26.38 MB ( 41%) committed,  1 nodes.
      Class space:        1.00 GB reserved,       3.62 MB ( <1%) committed,  1 nodes.
             Both:        1.06 GB reserved,      30.00 MB (  3%) committed. 

Chunk freelists:
   Non-Class:  4.77 MB
       Class:  12.24 MB
        Both:  17.01 MB

MaxMetaspaceSize: unlimited
CompressedClassSpaceSize: 1.00 GB
Initial GC threshold: 21.00 MB
Current GC threshold: 35.25 MB
CDS: on
 - commit_granule_bytes: 65536.
 - commit_granule_words: 8192.
 - virtual_space_node_default_size: 8388608.
 - enlarge_chunks_in_place: 1.
UseCompressedClassPointers 1, UseCompactObjectHeaders 0
Narrow klass pointer bits 32, Max shift 3
Narrow klass base: 0x000001a2b7000000, Narrow klass shift: 0
Encoding Range: [0x000001a2b7000000 - 0x000001a3b7000000), (4294967296 bytes)
Klass Range:    [0x000001a2b7000000 - 0x000001a2f8000000), (1090519040 bytes)
Klass ID Range:  [8 - 1090519033) (1090519025)


Internal statistics:

num_allocs_failed_limit: 3.
num_arena_births: 494.
num_arena_deaths: 0.
num_vsnodes_births: 2.
num_vsnodes_deaths: 0.
num_space_committed: 480.
num_space_uncommitted: 0.
num_chunks_returned_to_freelist: 3.
num_chunks_taken_from_freelist: 1419.
num_chunk_merges: 3.
num_chunk_splits: 984.
num_chunks_enlarged: 741.
num_inconsistent_stats: 0.

CodeCache: size=49152Kb used=7513Kb max_used=7972Kb free=41638Kb
 bounds [0x000001a2ac9b0000, 0x000001a2ad180000, 0x000001a2af9b0000]
 total_blobs=5199, nmethods=4635, adapters=487, full_count=0
Compilation: enabled, stopped_count=0, restarted_count=0

Compilation events (20 events):
Event: 89.509 Thread 0x000001a2b6349b70 nmethod 4624 0x000001a2acb5f988 code [0x000001a2acb5fa80, 0x000001a2acb5fb48]
Event: 89.509 Thread 0x000001a2b6349b70 4625       1       jdk.jfr.internal.EventControl::getSettingsId (5 bytes)
Event: 89.510 Thread 0x000001a2b6349b70 nmethod 4625 0x000001a2acb5f688 code [0x000001a2acb5f780, 0x000001a2acb5f848]
Event: 89.510 Thread 0x000001a2b6349b70 4626       1       jdk.jfr.internal.EventControl::getNamedControls (5 bytes)
Event: 89.510 Thread 0x000001a2b6349b70 nmethod 4626 0x000001a2acb5f388 code [0x000001a2acb5f480, 0x000001a2acb5f548]
Event: 89.510 Thread 0x000001a2b6349b70 4627       1       jdk.jfr.internal.PlatformEventType::isEnabled (5 bytes)
Event: 89.510 Thread 0x000001a2b6349b70 nmethod 4627 0x000001a2acb5f088 code [0x000001a2acb5f180, 0x000001a2acb5f248]
Event: 89.510 Thread 0x000001a2b616f780 nmethod 4628 0x000001a2acb5e788 code [0x000001a2acb5e980, 0x000001a2acb5f010]
Event: 89.513 Thread 0x000001a2b616f780 4630       1       jdk.jfr.internal.periodic.EventTask::getEventType (5 bytes)
Event: 89.513 Thread 0x000001a2b616f780 nmethod 4630 0x000001a2acb5e488 code [0x000001a2acb5e580, 0x000001a2acb5e648]
Event: 89.513 Thread 0x000001a2b616f780 4631       1       jdk.jfr.internal.periodic.PeriodicTask::getPeriod (5 bytes)
Event: 89.513 Thread 0x000001a2b616f780 nmethod 4631 0x000001a2acb5e188 code [0x000001a2acb5e280, 0x000001a2acb5e348]
Event: 89.513 Thread 0x000001a2b616f780 4633   !   1       javax.management.remote.rmi.RMIConnectionImpl::getAttribute (151 bytes)
Event: 89.513 Thread 0x000001a2b6349b70 4632       1       java.lang.invoke.LambdaForm$DMH/0x000001a2b808b800::invokeInterface (33 bytes)
Event: 89.514 Thread 0x000001a2b6349b70 nmethod 4632 0x000001a2acb5de88 code [0x000001a2acb5dfc0, 0x000001a2acb5e168]
Event: 89.514 Thread 0x000001a2b6349b70 4634       1       com.sun.jmx.mbeanserver.JmxMBeanServer::getAttribute (16 bytes)
Event: 89.514 Thread 0x000001a2b6349b70 nmethod 4634 0x000001a2acb5d988 code [0x000001a2acb5dae0, 0x000001a2acb5ddf0]
Event: 89.514 Thread 0x000001a2b6349b70 4635   !   1       com.sun.jmx.interceptor.DefaultMBeanServerInterceptor::getAttribute (124 bytes)
Event: 89.514 Thread 0x000001a2b616f780 nmethod 4633 0x000001a2acb5cb88 code [0x000001a2acb5cd80, 0x000001a2acb5d8d0]
Event: 89.515 Thread 0x000001a2b6349b70 nmethod 4635 0x000001a2acb5bd88 code [0x000001a2acb5c000, 0x000001a2acb5ca68]

GC Heap History (8 events):
Event: 1.697 GC heap before
{Heap before GC invocations=0 (full 0):
 garbage-first heap   total reserved 3061760K, committed 194560K, used 50288K [0x0000000745200000, 0x0000000800000000)
  region size 2048K, 24 young (49152K), 0 survivors (0K)
 Metaspace       used 10968K, committed 11200K, reserved 1114112K
  class space    used 1252K, committed 1344K, reserved 1048576K
}
Event: 1.706 GC heap after
{Heap after GC invocations=1 (full 0):
 garbage-first heap   total reserved 3061760K, committed 194560K, used 8249K [0x0000000745200000, 0x0000000800000000)
  region size 2048K, 3 young (6144K), 3 survivors (6144K)
 Metaspace       used 10968K, committed 11200K, reserved 1114112K
  class space    used 1252K, committed 1344K, reserved 1048576K
}
Event: 2.217 GC heap before
{Heap before GC invocations=1 (full 0):
 garbage-first heap   total reserved 3061760K, committed 194560K, used 47161K [0x0000000745200000, 0x0000000800000000)
  region size 2048K, 24 young (49152K), 3 survivors (6144K)
 Metaspace       used 21216K, committed 21504K, reserved 1114112K
  class space    used 2319K, committed 2496K, reserved 1048576K
}
Event: 2.225 GC heap after
{Heap after GC invocations=2 (full 0):
 garbage-first heap   total reserved 3061760K, committed 194560K, used 12566K [0x0000000745200000, 0x0000000800000000)
  region size 2048K, 6 young (12288K), 6 survivors (12288K)
 Metaspace       used 21216K, committed 21504K, reserved 1114112K
  class space    used 2319K, committed 2496K, reserved 1048576K
}
Event: 2.937 GC heap before
{Heap before GC invocations=3 (full 0):
 garbage-first heap   total reserved 3061760K, committed 55296K, used 51478K [0x0000000745200000, 0x0000000800000000)
  region size 2048K, 25 young (51200K), 6 survivors (12288K)
 Metaspace       used 27265K, committed 27648K, reserved 1114112K
  class space    used 3085K, committed 3264K, reserved 1048576K
}
Event: 2.950 GC heap after
{Heap after GC invocations=4 (full 0):
 garbage-first heap   total reserved 3061760K, committed 71680K, used 14975K [0x0000000745200000, 0x0000000800000000)
  region size 2048K, 4 young (8192K), 4 survivors (8192K)
 Metaspace       used 27265K, committed 27648K, reserved 1114112K
  class space    used 3085K, committed 3264K, reserved 1048576K
}
Event: 89.480 GC heap before
{Heap before GC invocations=4 (full 0):
 garbage-first heap   total reserved 3061760K, committed 71680K, used 45695K [0x0000000745200000, 0x0000000800000000)
  region size 2048K, 19 young (38912K), 4 survivors (8192K)
 Metaspace       used 30248K, committed 30720K, reserved 1114112K
  class space    used 3498K, committed 3712K, reserved 1048576K
}
Event: 89.490 GC heap after
{Heap after GC invocations=5 (full 0):
 garbage-first heap   total reserved 3061760K, committed 71680K, used 18819K [0x0000000745200000, 0x0000000800000000)
  region size 2048K, 2 young (4096K), 2 survivors (4096K)
 Metaspace       used 30248K, committed 30720K, reserved 1114112K
  class space    used 3498K, committed 3712K, reserved 1048576K
}

Dll operation events (12 events):
Event: 0.014 Loaded shared library C:\Users\RGC\.jdks\openjdk-24.0.1\bin\java.dll
Event: 0.607 Loaded shared library C:\Users\RGC\.jdks\openjdk-24.0.1\bin\zip.dll
Event: 0.616 Loaded shared library C:\Users\RGC\.jdks\openjdk-24.0.1\bin\instrument.dll
Event: 0.626 Loaded shared library C:\Users\RGC\.jdks\openjdk-24.0.1\bin\net.dll
Event: 0.633 Loaded shared library C:\Users\RGC\.jdks\openjdk-24.0.1\bin\nio.dll
Event: 0.641 Loaded shared library C:\Users\RGC\.jdks\openjdk-24.0.1\bin\zip.dll
Event: 0.671 Loaded shared library C:\Users\RGC\.jdks\openjdk-24.0.1\bin\jimage.dll
Event: 0.783 Loaded shared library C:\Users\RGC\.jdks\openjdk-24.0.1\bin\extnet.dll
Event: 0.796 Loaded shared library C:\Users\RGC\.jdks\openjdk-24.0.1\bin\management.dll
Event: 0.807 Loaded shared library C:\Users\RGC\.jdks\openjdk-24.0.1\bin\management_ext.dll
Event: 2.364 Loaded shared library C:\Users\RGC\.jdks\openjdk-24.0.1\bin\sunmscapi.dll
Event: 89.314 Loaded shared library C:\Users\RGC\AppData\Local\Temp\idea_libasyncProfiler_dll_temp_folder\libasyncProfiler.dll

Deoptimization events (0 events):
No events

Classes loaded (20 events):
Event: 89.477 Loading class jdk/jfr/internal/MetadataWriter
Event: 89.477 Loading class jdk/jfr/internal/MetadataWriter done
Event: 89.477 Loading class jdk/jfr/internal/MetadataDescriptor$Element
Event: 89.477 Loading class jdk/jfr/internal/MetadataDescriptor$Element done
Event: 89.477 Loading class jdk/jfr/internal/MetadataDescriptor$Attribute
Event: 89.477 Loading class jdk/jfr/internal/MetadataDescriptor$Attribute done
Event: 89.495 Loading class jdk/jfr/internal/consumer/StringParser$Encoding
Event: 89.495 Loading class jdk/jfr/internal/consumer/StringParser$Encoding done
Event: 89.502 Loading class jdk/jfr/internal/consumer/RepositoryFiles
Event: 89.503 Loading class jdk/jfr/internal/consumer/RepositoryFiles done
Event: 89.507 Loading class jdk/jfr/internal/SettingsManager$InternalSetting
Event: 89.508 Loading class jdk/jfr/internal/SettingsManager$InternalSetting done
Event: 89.508 Loading class jdk/jfr/internal/util/Rate
Event: 89.508 Loading class jdk/jfr/internal/util/Rate done
Event: 89.508 Loading class jdk/jfr/internal/util/TimespanUnit
Event: 89.509 Loading class jdk/jfr/internal/util/TimespanUnit done
Event: 89.509 Loading class jdk/jfr/internal/util/ValueParser
Event: 89.509 Loading class jdk/jfr/internal/util/ValueParser done
Event: 89.510 Loading class jdk/jfr/internal/periodic/PeriodicType
Event: 89.510 Loading class jdk/jfr/internal/periodic/PeriodicType done

Classes unloaded (0 events):
No events

Classes redefined (0 events):
No events

Internal exceptions (20 events):
Event: 2.852 Thread 0x000001a2a4112f60 Exception <a 'java/io/FileNotFoundException'{0x0000000745454388}> (0x0000000745454388) 
thrown [s\open\src\hotspot\share\prims\jni.cpp, line 518]
Event: 2.893 Thread 0x000001a2a4112f60 Exception <a 'java/io/IOException'{0x000000074551d4c8}> (0x000000074551d4c8) 
thrown [s\open\src\hotspot\share\prims\jni.cpp, line 518]
Event: 2.897 Thread 0x000001a2a4112f60 Exception <a 'java/io/IOException'{0x000000074551dbf0}> (0x000000074551dbf0) 
thrown [s\open\src\hotspot\share\prims\jni.cpp, line 518]
Event: 2.900 Thread 0x000001a2a4112f60 Exception <a 'java/io/IOException'{0x000000074551e308}> (0x000000074551e308) 
thrown [s\open\src\hotspot\share\prims\jni.cpp, line 518]
Event: 2.920 Thread 0x000001a2a4112f60 Exception <a 'java/io/IOException'{0x000000074559f458}> (0x000000074559f458) 
thrown [s\open\src\hotspot\share\prims\jni.cpp, line 518]
Event: 2.925 Thread 0x000001a2a4112f60 Exception <a 'java/io/IOException'{0x00000007455a2ef0}> (0x00000007455a2ef0) 
thrown [s\open\src\hotspot\share\prims\jni.cpp, line 518]
Event: 2.931 Thread 0x000001a2a4112f60 Exception <a 'java/io/IOException'{0x00000007455a3970}> (0x00000007455a3970) 
thrown [s\open\src\hotspot\share\prims\jni.cpp, line 518]
Event: 2.959 Thread 0x000001a2a4112f60 Exception <a 'java/lang/NoSuchMethodError'{0x0000000750c3a3b8}: 'int java.lang.invoke.DirectMethodHandle$Holder.invokeInterface(java.lang.Object, java.lang.Object, java.lang.Object, java.lang.Object)'> (0x0000000750c3a3b8) 
thrown [s\open\src\hotspot\share\interpreter\linkResolver.cpp, line 805]
Event: 3.130 Thread 0x000001a2a4112f60 Exception <a 'java/lang/NoSuchMethodError'{0x000000074d750170}: 'java.lang.Object java.lang.invoke.DirectMethodHandle$Holder.invokeInterface(java.lang.Object, java.lang.Object, java.lang.Object, java.lang.Object)'> (0x000000074d750170) 
thrown [s\open\src\hotspot\share\interpreter\linkResolver.cpp, line 805]
Event: 3.235 Thread 0x000001a2a4112f60 Exception <a 'java/lang/NoSuchMethodError'{0x000000074773cab0}: 'void java.lang.invoke.DirectMethodHandle$Holder.invokeVirtual(java.lang.Object, java.lang.Object, long)'> (0x000000074773cab0) 
thrown [s\open\src\hotspot\share\interpreter\linkResolver.cpp, line 805]
Event: 3.238 Thread 0x000001a2a4112f60 Exception <a 'java/lang/NoSuchMethodError'{0x0000000747782650}: 'java.lang.Object java.lang.invoke.DirectMethodHandle$Holder.newInvokeSpecial(java.lang.Object, java.lang.Object, int, java.lang.Object, java.lang.Object)'> (0x0000000747782650) 
thrown [s\open\src\hotspot\share\interpreter\linkResolver.cpp, line 805]
Event: 3.700 Thread 0x000001a2b6d60630 Exception <a 'java/lang/NoSuchMethodError'{0x000000074d22a368}: 'java.lang.Object java.lang.invoke.DirectMethodHandle$Holder.invokeInterface(java.lang.Object, java.lang.Object, java.lang.Object, java.lang.Object, java.lang.Object, java.lang.Object, java.lang.Object)'> (0x000000074d22a368) 
thrown [s\open\src\hotspot\share\interpreter\linkResolver.cpp, line 805]
Event: 3.703 Thread 0x000001a2b6d60630 Exception <a 'java/lang/NoSuchMethodError'{0x000000074d27d238}: 'java.lang.Object java.lang.invoke.DirectMethodHandle$Holder.invokeStatic(java.lang.Object, java.lang.Object, java.lang.Object, java.lang.Object, java.lang.Object, java.lang.Object, java.lang.Object, java.lang.Object, java.lang.Object, java.lang.Object)'> (0x000000074d27d238) 
thrown [s\open\src\hotspot\share\interpreter\linkResolver.cpp, line 805]
Event: 89.381 Thread 0x000001a2b616d5f0 Exception <a 'java/lang/NoSuchMethodError'{0x0000000746eb5cc8}: 'void java.lang.invoke.DirectMethodHandle$Holder.invokeStaticInit(java.lang.Object)'> (0x0000000746eb5cc8) 
thrown [s\open\src\hotspot\share\interpreter\linkResolver.cpp, line 805]
Event: 89.453 Thread 0x000001a2b616d5f0 Exception <a 'java/lang/NoSuchMethodError'{0x000000074683b700}: 'void java.lang.invoke.DirectMethodHandle$Holder.invokeSpecial(java.lang.Object, java.lang.Object, int)'> (0x000000074683b700) 
thrown [s\open\src\hotspot\share\interpreter\linkResolver.cpp, line 805]
Event: 89.453 Thread 0x000001a2b616d5f0 Exception <a 'java/lang/NoSuchMethodError'{0x0000000746843320}: 'void java.lang.invoke.Invokers$Holder.invokeExact_MT(java.lang.Object, int, java.lang.Object)'> (0x0000000746843320) 
thrown [s\open\src\hotspot\share\interpreter\linkResolver.cpp, line 805]
Event: 89.455 Thread 0x000001a2b616d5f0 Exception <a 'java/lang/NoSuchMethodError'{0x00000007468647c0}: 'java.lang.Object java.lang.invoke.DirectMethodHandle$Holder.newInvokeSpecial(java.lang.Object, java.lang.Object, int)'> (0x00000007468647c0) 
thrown [s\open\src\hotspot\share\interpreter\linkResolver.cpp, line 805]
Event: 89.459 Thread 0x000001a2b616d5f0 Exception <a 'sun/nio/fs/WindowsException'{0x00000007468987c8}> (0x00000007468987c8) 
thrown [s\open\src\hotspot\share\prims\jni.cpp, line 518]
Event: 89.464 Thread 0x000001a2b616d5f0 Exception <a 'sun/nio/fs/WindowsException'{0x00000007468a5548}> (0x00000007468a5548) 
thrown [s\open\src\hotspot\share\prims\jni.cpp, line 518]
Event: 89.474 Thread 0x000001a2b616d5f0 Exception <a 'sun/nio/fs/WindowsException'{0x00000007468b70b0}> (0x00000007468b70b0) 
thrown [s\open\src\hotspot\share\prims\jni.cpp, line 518]

VM Operations (20 events):
Event: 2.906 Executing VM operation: HandshakeAllThreads (Deoptimize)
Event: 2.906 Executing VM operation: HandshakeAllThreads (Deoptimize) done
Event: 2.937 Executing VM operation: G1CollectForAllocation (G1 Evacuation Pause)
Event: 2.950 Executing VM operation: G1CollectForAllocation (G1 Evacuation Pause) done
Event: 2.979 Executing VM operation: HandshakeAllThreads (Deoptimize)
Event: 2.980 Executing VM operation: HandshakeAllThreads (Deoptimize) done
Event: 2.980 Executing VM operation: HandshakeAllThreads (Deoptimize)
Event: 2.980 Executing VM operation: HandshakeAllThreads (Deoptimize) done
Event: 3.012 Executing VM operation: HandshakeAllThreads (Deoptimize)
Event: 3.012 Executing VM operation: HandshakeAllThreads (Deoptimize) done
Event: 3.143 Executing VM operation: HandshakeAllThreads (Deoptimize)
Event: 3.143 Executing VM operation: HandshakeAllThreads (Deoptimize) done
Event: 60.194 Executing VM operation: HandshakeAllThreads (HandshakeForDeflation)
Event: 60.194 Executing VM operation: HandshakeAllThreads (HandshakeForDeflation) done
Event: 60.194 Executing VM operation: RendezvousGCThreads
Event: 60.194 Executing VM operation: RendezvousGCThreads done
Event: 89.480 Executing VM operation: G1CollectForAllocation (G1 Evacuation Pause)
Event: 89.491 Executing VM operation: G1CollectForAllocation (G1 Evacuation Pause) done
Event: 89.504 Executing VM operation: JFRSafepointClear
Event: 89.504 Executing VM operation: JFRSafepointClear done

Memory protections (0 events):
No events

Nmethod flushes (0 events):
No events

Events (20 events):
Event: 3.243 Thread 0x000001a2a4112f60 Thread added: 0x000001a2fd1b1580
Event: 3.243 Thread 0x000001a2a4112f60 Thread added: 0x000001a2fd1b6d40
Event: 3.243 Thread 0x000001a2a4112f60 Thread added: 0x000001a2fd1aff90
Event: 3.243 Thread 0x000001a2a4112f60 Thread added: 0x000001a2fd1b7490
Event: 3.253 Thread 0x000001a2a4112f60 Thread added: 0x000001a2fd1b2b70
Event: 3.254 Thread 0x000001a2a4112f60 Thread added: 0x000001a2fd1b5750
Event: 3.268 Thread 0x000001a2a4112f60 Thread exited: 0x000001a2a4112f60
Event: 3.268 Thread 0x000001a2fd1b1cd0 Thread added: 0x000001a2fd1b1cd0
Event: 3.690 Thread 0x000001a2b6d60630 Thread added: 0x000001a2fd1b4160
Event: 3.695 Thread 0x000001a2fd1b4160 Thread exited: 0x000001a2fd1b4160
Event: 3.696 Thread 0x000001a2b6d60630 Thread added: 0x000001a2fd1b3a10
Event: 3.704 Thread 0x000001a2fd1b3a10 Thread exited: 0x000001a2fd1b3a10
Event: 3.706 Thread 0x000001a2b6d60630 Thread added: 0x000001a2fd1b06e0
Event: 3.712 Thread 0x000001a2fd1b06e0 Thread exited: 0x000001a2fd1b06e0
Event: 4.671 Thread 0x000001a2fcb7e490 Thread exited: 0x000001a2fcb7e490
Event: 4.671 Thread 0x000001a2b62261e0 Thread exited: 0x000001a2b62261e0
Event: 5.746 Thread 0x000001a2b61e7fc0 Thread exited: 0x000001a2b61e7fc0
Event: 89.375 Thread 0x000001a2b616d5f0 Thread added: 0x000001a2fd1b06e0
Event: 89.452 Thread 0x000001a2b616f780 Thread added: 0x000001a2b6349b70
Event: 89.455 Thread 0x000001a2b616d5f0 Thread added: 0x000001a2fd1b32c0


Dynamic libraries:
0x00007ff6e5ec0000 - 0x00007ff6e5ece000 	C:\Users\RGC\.jdks\openjdk-24.0.1\bin\java.exe
0x00007ffa52670000 - 0x00007ffa52868000 	C:\Windows\SYSTEM32\ntdll.dll
0x00007ffa50a20000 - 0x00007ffa50ae2000 	C:\Windows\System32\KERNEL32.DLL
0x00007ffa4ff50000 - 0x00007ffa50246000 	C:\Windows\System32\KERNELBASE.dll
0x00007ffa50370000 - 0x00007ffa50470000 	C:\Windows\System32\ucrtbase.dll
0x00007ffa367b0000 - 0x00007ffa367cb000 	C:\Users\RGC\.jdks\openjdk-24.0.1\bin\VCRUNTIME140.dll
0x00007ffa2ef10000 - 0x00007ffa2ef26000 	C:\Users\RGC\.jdks\openjdk-24.0.1\bin\jli.dll
0x00007ffa52280000 - 0x00007ffa5241d000 	C:\Windows\System32\USER32.dll
0x00007ffa50630000 - 0x00007ffa50652000 	C:\Windows\System32\win32u.dll
0x00007ffa50790000 - 0x00007ffa507bb000 	C:\Windows\System32\GDI32.dll
0x00007ffa4f150000 - 0x00007ffa4f3ea000 	C:\Windows\WinSxS\amd64_microsoft.windows.common-controls_6595b64144ccf1df_6.0.19041.4355_none_60b8b9eb71f62e16\COMCTL32.dll
0x00007ffa4fc30000 - 0x00007ffa4fd4a000 	C:\Windows\System32\gdi32full.dll
0x00007ffa51950000 - 0x00007ffa519ee000 	C:\Windows\System32\msvcrt.dll
0x00007ffa50250000 - 0x00007ffa502ed000 	C:\Windows\System32\msvcp_win.dll
0x00007ffa524d0000 - 0x00007ffa524ff000 	C:\Windows\System32\IMM32.DLL
0x00007ffa44390000 - 0x00007ffa4439c000 	C:\Users\RGC\.jdks\openjdk-24.0.1\bin\vcruntime140_1.dll
0x00007ffa10530000 - 0x00007ffa105be000 	C:\Users\RGC\.jdks\openjdk-24.0.1\bin\msvcp140.dll
0x00007ff9b4ef0000 - 0x00007ff9b5c92000 	C:\Users\RGC\.jdks\openjdk-24.0.1\bin\server\jvm.dll
0x00007ffa52420000 - 0x00007ffa524cf000 	C:\Windows\System32\ADVAPI32.dll
0x00007ffa52500000 - 0x00007ffa5259f000 	C:\Windows\System32\sechost.dll
0x00007ffa51790000 - 0x00007ffa518b3000 	C:\Windows\System32\RPCRT4.dll
0x00007ffa50500000 - 0x00007ffa50527000 	C:\Windows\System32\bcrypt.dll
0x00007ffa509b0000 - 0x00007ffa50a1b000 	C:\Windows\System32\WS2_32.dll
0x00007ffa37ea0000 - 0x00007ffa37ec7000 	C:\Windows\SYSTEM32\WINMM.dll
0x00007ffa4f6c0000 - 0x00007ffa4f70b000 	C:\Windows\SYSTEM32\POWRPROF.dll
0x00007ffa4ccc0000 - 0x00007ffa4ccca000 	C:\Windows\SYSTEM32\VERSION.dll
0x00007ffa4f3f0000 - 0x00007ffa4f402000 	C:\Windows\SYSTEM32\UMPDC.dll
0x00007ffa4d490000 - 0x00007ffa4d4a2000 	C:\Windows\SYSTEM32\kernel.appcore.dll
0x00007ffa36500000 - 0x00007ffa3650a000 	C:\Users\RGC\.jdks\openjdk-24.0.1\bin\jimage.dll
0x00007ffa4f4d0000 - 0x00007ffa4f6b4000 	C:\Windows\SYSTEM32\DBGHELP.DLL
0x00007ffa4f410000 - 0x00007ffa4f444000 	C:\Windows\SYSTEM32\dbgcore.DLL
0x00007ffa50470000 - 0x00007ffa504f2000 	C:\Windows\System32\bcryptPrimitives.dll
0x00007ffa44370000 - 0x00007ffa4437f000 	C:\Users\RGC\.jdks\openjdk-24.0.1\bin\instrument.dll
0x00007ffa2e030000 - 0x00007ffa2e04e000 	C:\Users\RGC\.jdks\openjdk-24.0.1\bin\java.dll
0x00007ffa50660000 - 0x00007ffa5078b000 	C:\Windows\System32\ole32.dll
0x00007ffa50c40000 - 0x00007ffa50f95000 	C:\Windows\System32\combase.dll
0x00007ffa519f0000 - 0x00007ffa5215f000 	C:\Windows\System32\SHELL32.dll
0x00007ffa4cce0000 - 0x00007ffa4d483000 	C:\Windows\SYSTEM32\windows.storage.dll
0x00007ffa4ed10000 - 0x00007ffa4ed3b000 	C:\Windows\SYSTEM32\Wldp.dll
0x00007ffa507d0000 - 0x00007ffa5089d000 	C:\Windows\System32\OLEAUT32.dll
0x00007ffa50fa0000 - 0x00007ffa5104d000 	C:\Windows\System32\SHCORE.dll
0x00007ffa50b00000 - 0x00007ffa50b55000 	C:\Windows\System32\shlwapi.dll
0x00007ffa4fa00000 - 0x00007ffa4fa25000 	C:\Windows\SYSTEM32\profapi.dll
0x00007ffa2bd00000 - 0x00007ffa2bd17000 	C:\Users\RGC\.jdks\openjdk-24.0.1\bin\zip.dll
0x00007ffa2ed30000 - 0x00007ffa2ed40000 	C:\Users\RGC\.jdks\openjdk-24.0.1\bin\net.dll
0x00007ffa4eaf0000 - 0x00007ffa4eb5c000 	C:\Windows\system32\mswsock.dll
0x00007ffa2bd80000 - 0x00007ffa2bd96000 	C:\Users\RGC\.jdks\openjdk-24.0.1\bin\nio.dll
0x00007ffa4e890000 - 0x00007ffa4e95a000 	C:\Windows\SYSTEM32\DNSAPI.dll
0x00007ffa4e7f0000 - 0x00007ffa4e82b000 	C:\Windows\SYSTEM32\IPHLPAPI.DLL
0x00007ffa507c0000 - 0x00007ffa507c8000 	C:\Windows\System32\NSI.dll
0x00007ffa458e0000 - 0x00007ffa458ea000 	C:\Windows\System32\rasadhlp.dll
0x00007ffa42c30000 - 0x00007ffa42cb0000 	C:\Windows\System32\fwpuclnt.dll
0x00007ffa2e820000 - 0x00007ffa2e829000 	C:\Users\RGC\.jdks\openjdk-24.0.1\bin\extnet.dll
0x00007ffa44360000 - 0x00007ffa4436a000 	C:\Users\RGC\.jdks\openjdk-24.0.1\bin\management.dll
0x00007ffa2bc70000 - 0x00007ffa2bc7b000 	C:\Users\RGC\.jdks\openjdk-24.0.1\bin\management_ext.dll
0x00007ffa50af0000 - 0x00007ffa50af8000 	C:\Windows\System32\PSAPI.DLL
0x00007ffa4f840000 - 0x00007ffa4f858000 	C:\Windows\SYSTEM32\CRYPTSP.dll
0x00007ffa4e490000 - 0x00007ffa4e4c8000 	C:\Windows\system32\rsaenh.dll
0x00007ffa4f9c0000 - 0x00007ffa4f9ee000 	C:\Windows\SYSTEM32\USERENV.dll
0x00007ffa4ec80000 - 0x00007ffa4ec8c000 	C:\Windows\SYSTEM32\CRYPTBASE.dll
0x00007ffa2e770000 - 0x00007ffa2e787000 	C:\Windows\system32\napinsp.dll
0x00007ffa2b2a0000 - 0x00007ffa2b2bb000 	C:\Windows\system32\pnrpnsp.dll
0x00007ffa48030000 - 0x00007ffa48045000 	C:\Windows\system32\wshbth.dll
0x00007ffa47ce0000 - 0x00007ffa47cfd000 	C:\Windows\system32\NLAapi.dll
0x00007ffa28e50000 - 0x00007ffa28e62000 	C:\Windows\System32\winrnr.dll
0x00007ffa42820000 - 0x00007ffa42871000 	C:\Windows\SYSTEM32\pdh.dll
0x00007ffa2bcf0000 - 0x00007ffa2bcfe000 	C:\Users\RGC\.jdks\openjdk-24.0.1\bin\sunmscapi.dll
0x00007ffa4fad0000 - 0x00007ffa4fc2d000 	C:\Windows\System32\CRYPT32.dll
0x00007ffa4ee60000 - 0x00007ffa4ee87000 	C:\Windows\SYSTEM32\ncrypt.dll
0x00007ffa4ee20000 - 0x00007ffa4ee5b000 	C:\Windows\SYSTEM32\NTASN1.dll
0x00007ffa2bb30000 - 0x00007ffa2bb3f000 	C:\Windows\System32\perfproc.dll
0x00007ffa44f00000 - 0x00007ffa44f0f000 	C:\Windows\System32\perfos.dll
0x00007ffa3c770000 - 0x00007ffa3c777000 	C:\Windows\system32\wshunix.dll
0x00007ff9e4e70000 - 0x00007ff9e5068000 	C:\Users\RGC\AppData\Local\Temp\idea_libasyncProfiler_dll_temp_folder\libasyncProfiler.dll

JVMTI agents:
C:\Users\RGC\AppData\Local\JetBrains\IntelliJ IDEA 2025.1\lib\idea_rt.jar path:C:\Users\RGC\.jdks\openjdk-24.0.1\bin\instrument.dll, loaded, initialized, instrumentlib options:53298

dbghelp: loaded successfully - version: 4.0.5 - missing functions: none
symbol engine: initialized successfully - sym options: 0x614 - pdb path: .;C:\Users\RGC\.jdks\openjdk-24.0.1\bin;C:\Windows\SYSTEM32;C:\Windows\WinSxS\amd64_microsoft.windows.common-controls_6595b64144ccf1df_6.0.19041.4355_none_60b8b9eb71f62e16;C:\Users\RGC\.jdks\openjdk-24.0.1\bin\server;C:\Users\RGC\AppData\Local\Temp\idea_libasyncProfiler_dll_temp_folder

VM Arguments:
jvm_args: -XX:TieredStopAtLevel=1 -Dspring.output.ansi.enabled=always -Dcom.sun.management.jmxremote -Dspring.jmx.enabled=true -Dspring.liveBeansView.mbeanDomain -Dspring.application.admin.enabled=true -Dmanagement.endpoints.jmx.exposure.include=* -javaagent:C:\Users\RGC\AppData\Local\JetBrains\IntelliJ IDEA 2025.1\lib\idea_rt.jar=53298 -Dfile.encoding=UTF-8 -Dsun.stdout.encoding=UTF-8 -Dsun.stderr.encoding=UTF-8 
java_command: com.rebelalliance.quasar.QuasarApplication
java_class_path (initial): C:\Users\RGC\IdeaProjects\quasar-operation\target\classes;C:\Users\RGC\.m2\repository\org\springframework\modulith\spring-modulith-core\1.3.5\spring-modulith-core-1.3.5.jar;C:\Users\RGC\.m2\repository\org\springframework\modulith\spring-modulith-api\1.3.5\spring-modulith-api-1.3.5.jar;C:\Users\RGC\.m2\repository\com\tngtech\archunit\archunit\1.3.1\archunit-1.3.1.jar;C:\Users\RGC\.m2\repository\org\slf4j\slf4j-api\2.0.12\slf4j-api-2.0.12.jar;C:\Users\RGC\.m2\repository\org\springframework\spring-core\6.2.6\spring-core-6.2.6.jar;C:\Users\RGC\.m2\repository\org\springframework\spring-jcl\6.2.6\spring-jcl-6.2.6.jar;C:\Users\RGC\.m2\repository\org\springframework\boot\spring-boot-starter-jersey\3.4.5\spring-boot-starter-jersey-3.4.5.jar;C:\Users\RGC\.m2\repository\org\springframework\boot\spring-boot-starter-json\3.4.5\spring-boot-starter-json-3.4.5.jar;C:\Users\RGC\.m2\repository\org\springframework\boot\spring-boot-starter\3.4.5\spring-boot-starter-3.4.5.jar;C:\Users\RGC\.m2\repository\org\springframework\boot\spring-boot\3.4.5\spring-boot-3.4.5.jar;C:\Users\RGC\.m2\repository\org\springframework\boot\spring-boot-autoconfigure\3.4.5\spring-boot-autoconfigure-3.4.5.jar;C:\Users\RGC\.m2\repository\org\springframework\boot\spring-boot-starter-logging\3.4.5\spring-boot-starter-logging-3.4.5.jar;C:\Users\RGC\.m2\repository\ch\qos\logback\logback-classic\1.5.18\logback-classic-1.5.18.jar;C:\Users\RGC\.m2\repository\ch\qos\logback\logback-core\1.5.18\logback-core-1.5.18.jar;C:\Users\RGC\.m2\repository\org\apache\logging\log4j\log4j-to-slf4j\2.24.3\log4j-to-slf4j-2.24.3.jar;C:\Users\RGC\.m2\repository\org\apache\logging\log4j\log4j-api\2.24.3\log4j-api-2.24.3.jar;C:\Users\RGC\.m2\repository\org\slf4j\jul-to-slf4j\2.0.17\jul-to-slf4j-2.0.17.jar;C:\Users\RGC\.m2\repository\org\yaml\snakeyaml\2.3\snakeyaml-2.3.jar;C:\Users\RGC\.m2\repository\com\fasterxml\jackson\core\jackson-databind\2.18.3\jackson-databind-2.18.3.jar;C:\Users\RGC\.m2\repository\com\fasterxml\jackson\core\jackson-core\2.18.3\jackson-core-2.18.3.jar;C:\Users\RGC\.m2\repository\com\fasterxml\jackson\datatype\jackson-datatype-jdk8\2.18.3\jackson-datatype-jdk8-2.18.3.jar;C:\Users\RGC\.m2\repository\com\fasterxml\jackson\datatype\jackson-datatype-jsr310\2.18.3\jackson-datatype-jsr310-2.18.3.jar;C:\Users\RGC\.m2\repository\com\fasterxml\jackson\module\jackson-module-parameter-names\2.18.3\jackson-module-parameter-names-2.18.3.jar;C:\Users\RGC\.m2\repository\org\springframework\boot\spring-boot-starter-tomcat\3.4.5\spring-boot-starter-tomcat-3.4.5.jar;C:\Users\RGC\.m2\repository\jakarta\annotation\jakarta.annotation-api\2.1.1\jakarta.annotation-api-2.1.1.jar;C:\Users\RGC\.m2\repository\org\apache\tomcat\embed\tomcat-embed-core\10.1.40\tomcat-embed-core-10.1.40.jar;C:\Users\RGC\.m2\repository\org\apache\tomcat\embed\tomcat-embed-el\10.1.40\tomcat-embed-el-10.1.40.jar;C:\Users\RGC\.m2\repository\org\apache\tomcat\embed\tomcat-embed-websocket\10.1.40\tomcat-embed-websocket-10.1.40.jar;C:\Users\RGC\.m2\repository\org\springframework\boot\spring-boot-starter-validation\3.4.5\spring-boot-starter-validation-3.4.5.jar;C:\Users\RGC\.m2\repository\org\hibernate\validator\hibernate-validator\8.0.2.Final\hibernate-validator-8.0.2.Final.jar;C:\Users\RGC\.m2\repository\com\fasterxml\classmate\1.5.1\classmate-1.5.1.jar;C:\Users\RGC\.m2\repository\org\springframework\spring-web\6.2.6\spring-web-6.2.6.jar;C:\Users\RGC\.m2\repository\org\glassfish\jersey\containers\jersey-container-servlet-core\3.1.10\jersey-container-servlet-core-3.1.10.jar;C:\Users\RGC\.m2\repository\jakarta\inject\jakarta.inject-api\2.0.1\jakarta.inject-api-2.0.1.jar;C:\Users\RGC\.m2\repository\org\glassfish\jersey\core\jersey-common\3.1.10\jersey-common-3.1.10.jar;C:\Users\RGC\.m2\repository\org\glassfish\hk2\osgi-resource-locator\1.0.3\osgi-resource-locator-1.0.3.jar;C:\Users\RGC\.m2\repository\jakarta\ws\rs\jakarta.ws.rs-api\3.1.0\jakarta.ws.rs-api-3.1.0.jar;C:\Users\RGC\.m2\repository\org\glassfish\jersey\containers\jersey-container-servlet\3.1.10\jersey-container-servlet-3.1.10.jar;C:\Users\RGC\.m2\repository\org\glassfish\jersey\core\jersey-server\3.1.10\jersey-server-3.1.10.jar;C:\Users\RGC\.m2\repository\org\glassfish\jersey\core\jersey-client\3.1.10\jersey-client-3.1.10.jar;C:\Users\RGC\.m2\repository\jakarta\validation\jakarta.validation-api\3.0.2\jakarta.validation-api-3.0.2.jar;C:\Users\RGC\.m2\repository\org\glassfish\jersey\ext\jersey-bean-validation\3.1.10\jersey-bean-validation-3.1.10.jar;C:\Users\RGC\.m2\repository\org\jboss\logging\jboss-logging\3.6.0.Final\jboss-logging-3.6.0.Final.jar;C:\Users\RGC\.m2\repository\org\glassfish\expressly\expressly\5.0.0\expressly-5.0.0.jar;C:\Users\RGC\.m2\repository\org\glassfish\jersey\ext\jersey-spring6\3.1.10\jersey-spring6-3.1.10.jar;C:\Users\RGC\.m2\repository\org\glassfish\jersey\inject\jersey-hk2\3.1.10\jersey-hk2-3.1.10.jar;C:\Users\RGC\.m2\repository\org\glassfish\hk2\hk2-locator\3.0.6\hk2-locator-3.0.6.jar;C:\Users\RGC\.m2\repository\org\glassfish\hk2\external\aopalliance-repackaged\3.0.6\aopalliance-repackaged-3.0.6.jar;C:\Users\RGC\.m2\repository\org\javassist\javassist\3.30.2-GA\javassist-3.30.2-GA.jar;C:\Users\RGC\.m2\repository\org\glassfish\hk2\hk2\3.0.6\hk2-3.0.6.jar;C:\Users\RGC\.m2\repository\org\glassfish\hk2\hk2-utils\3.0.6\hk2-utils-3.0.6.jar;C:\Users\RGC\.m2\repository\org\glassfish\hk2\hk2-api\3.0.6\hk2-api-3.0.6.jar;C:\Users\RGC\.m2\repository\org\glassfish\hk2\hk2-core\3.0.6\hk2-core-3.0.6.jar;C:\Users\RGC\.m2\repository\org\glassfish\hk2\hk2-runlevel\3.0.6\hk2-runlevel-3.0.6.jar;C:\Users\RGC\.m2\repository\org\glassfish\hk2\class-model\3.0.6\class-model-3.0.6.jar;C:\Users\RGC\.m2\repository\org\ow2\asm\asm-commons\9.6\asm-commons-9.6.jar;C:\Users\RGC\.m2\repository\org\glassfish\hk2\spring-bridge\3.0.6\spring-bridge-3.0.6.jar;C:\Users\RGC\.m2\repository\org\glassfish\jersey\media\jersey-media-json-jackson\3.1.10\jersey-media-json-jackson-3.1.10.jar;C:\Users\RGC\.m2\repository\org\glassfish\jersey\ext\jersey-entity-filtering\3.1.10\jersey-entity-filtering-3.1.10.jar;C:\Users\RGC\.m2\repository\com\fasterxml\jackson\core\jackson-annotations\2.18.0\jackson-annotations-2.18.0.jar;C:\Users\RGC\.m2\repository\com\fasterxml\jackson\module\jackson-module-jakarta-xmlbind-annotations\2.18.0\jackson-module-jakarta-xmlbind-annotations-2.18.0.jar;C:\Users\RGC\.m2\repository\jakarta\xml\bind\jakarta.xml.bind-api\4.0.2\jakarta.xml.bind-api-4.0.2.jar;C:\Users\RGC\.m2\repository\jakarta\activation\jakarta.activation-api\2.1.3\jakarta.activation-api-2.1.3.jar;C:\Users\RGC\.m2\repository\org\springframework\security\spring-security-core\6.4.5\spring-security-core-6.4.5.jar;C:\Users\RGC\.m2\repository\org\springframework\security\spring-security-crypto\6.4.5\spring-security-crypto-6.4.5.jar;C:\Users\RGC\.m2\repository\org\springframework\spring-aop\6.2.6\spring-aop-6.2.6.jar;C:\Users\RGC\.m2\repository\org\springframework\spring-beans\6.2.6\spring-beans-6.2.6.jar;C:\Users\RGC\.m2\repository\org\springframework\spring-context\6.2.6\spring-context-6.2.6.jar;C:\Users\RGC\.m2\repository\org\springframework\spring-expression\6.2.6\spring-expression-6.2.6.jar;C:\Users\RGC\.m2\repository\io\micrometer\micrometer-observation\1.14.6\micrometer-observation-1.14.6.jar;C:\Users\RGC\.m2\repository\io\micrometer\micrometer-commons\1.14.6\micrometer-commons-1.14.6.jar;C:\Users\RGC\.m2\repository\org\mvnpm\jsonwebtoken\8.5.0\jsonwebtoken-8.5.0.jar;C:\Users\RGC\.m2\repository\org\mvnpm\jws\3.2.2\jws-3.2.2.jar;C:\Users\RGC\.m2\repository\org\mvnpm\jwa\1.4.1\jwa-1.4.1.jar;C:\Users\RGC\.m2\repository\org\mvnpm\buffer-equal-constant-time\1.0.1\buffer-equal-constant-time-1.0.1.jar;C:\Users\RGC\.m2\repository\org\mvnpm\ecdsa-sig-formatter\1.0.11\ecdsa-sig-formatter-1.0.11.jar;C:\Users\RGC\.m2\repository\org\mvnpm\safe-buffer\5.2.1\safe-buffer-5.2.1.jar;C:\Users\RGC\.m2\repository\org\mvnpm\lodash.includes\4.3.0\lodash.includes-4.3.0.jar;C:\Users\RGC\.m2\repository\org\mvnpm\lodash.isboolean\3.0.3\lodash.isboolean-3.0.3.jar;C:\Users\RGC\.m2\repository\org\mvnpm\lodash.isinteger\4.0.4\lodash.isinteger-4.0.4.jar;C:\Users\RGC\.m2\repository\org\mvnpm\lodash.isnumber\3.0.3\lodash.isnumber-3.0.3.jar;C:\Users\RGC\.m2\repository\org\mvnpm\lodash.isplainobject\4.0.6\lodash.isplainobject-4.0.6.jar;C:\Users\RGC\.m2\repository\org\mvnpm\lodash.isstring\4.0.1\lodash.isstring-4.0.1.jar;C:\Users\RGC\.m2\repository\org\mvnpm\lodash.once\4.1.1\lodash.once-4.1.1.jar;C:\Users\RGC\.m2\repository\org\mvnpm\ms\2.1.3\ms-2.1.3.jar;C:\Users\RGC\.m2\repository\org\mvnpm\semver\5.7.2\semver-5.7.2.jar
Launcher Type: SUN_STANDARD

[Global flags]
     intx CICompilerCount                          = 4                                         {product} {ergonomic}
     uint ConcGCThreads                            = 2                                         {product} {ergonomic}
     bool FlightRecorder                           = true                                      {product} {management}
     uint G1ConcRefinementThreads                  = 8                                         {product} {ergonomic}
   size_t G1HeapRegionSize                         = 2097152                                   {product} {ergonomic}
   size_t InitialHeapSize                          = 197132288                                 {product} {ergonomic}
     bool ManagementServer                         = true                                      {product} {command line}
   size_t MarkStackSize                            = 4194304                                   {product} {ergonomic}
   size_t MarkStackSizeMax                         = 536870912                                 {product} {ergonomic}
   size_t MaxHeapSize                              = 3135242240                                {product} {ergonomic}
   size_t MaxNewSize                               = 1881145344                                {product} {ergonomic}
   size_t MinHeapDeltaBytes                        = 2097152                                   {product} {ergonomic}
   size_t MinHeapSize                              = 8388608                                   {product} {ergonomic}
    uintx NonNMethodCodeHeapSize                   = 4096                                   {pd product} {ergonomic}
    uintx NonProfiledCodeHeapSize                  = 0                                      {pd product} {ergonomic}
     bool ProfileInterpreter                       = false                                  {pd product} {command line}
    uintx ProfiledCodeHeapSize                     = 0                                      {pd product} {ergonomic}
   size_t SoftMaxHeapSize                          = 3135242240                             {manageable} {ergonomic}
     intx TieredStopAtLevel                        = 1                                         {product} {command line}
     bool UseCompressedOops                        = true                           {product lp64_product} {ergonomic}
     bool UseG1GC                                  = true                                      {product} {ergonomic}
     bool UseLargePagesIndividualAllocation        = false                                  {pd product} {ergonomic}

Logging:
Log output configuration:
 #0: stdout all=warning uptime,level,tags foldmultilines=false
 #1: stderr all=off uptime,level,tags foldmultilines=false

Environment Variables:
PATH=C:\Windows\system32;C:\Windows;C:\Windows\System32\Wbem;C:\Windows\System32\WindowsPowerShell\v1.0\;C:\Windows\System32\OpenSSH\;C:\Program Files (x86)\Microsoft SQL Server\160\Tools\Binn\;C:\Program Files\Microsoft SQL Server\160\Tools\Binn\;C:\Program Files\Microsoft SQL Server\Client SDK\ODBC\170\Tools\Binn\;C:\Program Files\Microsoft SQL Server\160\DTS\Binn\;C:\Program Files\Microsoft SQL Server\150\Tools\Binn\;C:\Program Files\dotnet\;C:\Program Files (x86)\Incredibuild;C:\Program Files (x86)\Windows Kits\10\Windows Performance Toolkit\;C:\Program Files (x86)\Microsoft SQL Server\160\DTS\Binn\;C:\Program Files\Docker\Docker\resources\bin;C:\Program Files\Amazon\AWSCLIV2\;C:\Program Files\nodejs\;C:\Program Files\Git\cmd;C:\Users\RGC\AppData\Local\Microsoft\WindowsApps;C:\Users\RGC\.dotnet\tools;C:\Users\RGC\AppData\Local\Programs\Microsoft VS Code\bin;C:\Users\RGC\AppData\Roaming\npm;C:\Users\RGC\AppData\Local\Programs\Windsurf\bin;C:\Users\RGC\AppData\Local\JetBrains\IntelliJ IDEA 2025.1\bin;
USERNAME=RGC
OS=Windows_NT
PROCESSOR_IDENTIFIER=Intel64 Family 6 Model 140 Stepping 1, GenuineIntel
TMP=C:\Users\RGC\AppData\Local\Temp
TEMP=C:\Users\RGC\AppData\Local\Temp




Periodic native trim disabled

---------------  S Y S T E M  ---------------

OS:
 Windows 10 , 64 bit Build 19041 (10.0.19041.5678)
OS uptime: 0 days 18:13 hours
Hyper-V role detected

CPU: total 8 (initial active 8) (4 cores per cpu, 2 threads per core) family 6 model 140 stepping 1 microcode 0x78, cx8, cmov, fxsr, ht, mmx, 3dnowpref, sse, sse2, sse3, ssse3, sse4.1, sse4.2, popcnt, lzcnt, tsc, tscinvbit, avx, avx2, aes, erms, clmul, bmi1, bmi2, adx, avx512f, avx512dq, avx512cd, avx512bw, avx512vl, sha, fma, vzeroupper, avx512_vpopcntdq, avx512_vpclmulqdq, avx512_vaes, avx512_vnni, clflush, clflushopt, clwb, avx512_vbmi2, avx512_vbmi, hv, rdtscp, rdpid, fsrm, gfni, avx512_bitalg, f16c, cet_ibt, cet_ss, avx512_ifma
Processor Information for the first 8 processors :
  Max Mhz: 2419, Current Mhz: 2419, Mhz Limit: 2419

Memory: 4k page, system-wide physical 11955M (1030M free)
TotalPageFile size 22708M (AvailPageFile size 3937M)
current process WorkingSet (physical memory assigned to process): 172M, peak: 172M
current process commit charge ("private bytes"): 238M, peak: 314M

vm_info: OpenJDK 64-Bit Server VM (24.0.1+9-30) for windows-amd64 JRE (24.0.1+9-30), built on 2025-03-05T07:23:45Z with MS VC++ 17.6 (VS2022)

END.
